
> @heartscan/web@0.1.0 build
> next build

⚠ Warning: Next.js inferred your workspace root, but it may not be correct.
 We detected multiple lockfiles and selected the directory of /Users/mac/package-lock.json as the root directory.
 To silence this warning, set `turbopack.root` in your Next.js config, or consider removing one of the lockfiles if it's not needed.
   See https://nextjs.org/docs/app/api-reference/config/next-config-js/turbopack#root-directory for more information.
 Detected additional lockfiles: 
   * /Users/mac/Desktop/Heartcheck/package-lock.json

⨯ Another next build process is already running.

  This could be:
  - A next build still in progress
  - A previous build that didn't exit cleanly

  Suggestion: Wait for the build to complete.
npm error Lifecycle script `build` failed with error:
npm error code 1
npm error path /Users/mac/Desktop/Heartcheck/apps/web
npm error workspace @heartscan/web@0.1.0
npm error location /Users/mac/Desktop/Heartcheck/apps/web
npm error command failed
npm error command sh -c next build
